  [1m[35m (509.9ms)[0m  [1m[35mCREATE DATABASE "planets_app_development" ENCODING = 'unicode'[0m
  ↳ /Users/elizabethmoy/.rvm/rubies/ruby-2.6.0/lib/ruby/gems/2.6.0/gems/rake-12.3.2/lib/rake/task.rb:273
  [1m[35m (391.9ms)[0m  [1m[35mCREATE DATABASE "planets_app_test" ENCODING = 'unicode'[0m
  ↳ /Users/elizabethmoy/.rvm/rubies/ruby-2.6.0/lib/ruby/gems/2.6.0/gems/rake-12.3.2/lib/rake/task.rb:273
  [1m[35m (55.2ms)[0m  [1m[35mCREATE TABLE "schema_migrations" ("version" character varying NOT NULL PRIMARY KEY)[0m
  ↳ /Users/elizabethmoy/.rvm/rubies/ruby-2.6.0/lib/ruby/gems/2.6.0/gems/rake-12.3.2/lib/rake/task.rb:273
  [1m[35m (25.2ms)[0m  [1m[35mCREATE TABLE "ar_internal_metadata" ("key" character varying NOT NULL PRIMARY KEY, "value" character varying, "created_at" timestamp NOT NULL, "updated_at" timestamp NOT NULL)[0m
  ↳ /Users/elizabethmoy/.rvm/rubies/ruby-2.6.0/lib/ruby/gems/2.6.0/gems/rake-12.3.2/lib/rake/task.rb:273
  [1m[35m (1.3ms)[0m  [1m[34mSELECT pg_try_advisory_lock(6114386484562609365)[0m
  ↳ /Users/elizabethmoy/.rvm/rubies/ruby-2.6.0/lib/ruby/gems/2.6.0/gems/rake-12.3.2/lib/rake/task.rb:273
  [1m[35m (0.4ms)[0m  [1m[34mSELECT "schema_migrations"."version" FROM "schema_migrations" ORDER BY "schema_migrations"."version" ASC[0m
  ↳ /Users/elizabethmoy/.rvm/rubies/ruby-2.6.0/lib/ruby/gems/2.6.0/gems/rake-12.3.2/lib/rake/task.rb:273
Migrating to CreatePlanets (20190429140634)
  [1m[35m (0.2ms)[0m  [1m[35mBEGIN[0m
  ↳ /Users/elizabethmoy/.rvm/rubies/ruby-2.6.0/lib/ruby/gems/2.6.0/gems/rake-12.3.2/lib/rake/task.rb:273
  [1m[35m (27.3ms)[0m  [1m[35mCREATE TABLE "planets" ("id" bigserial primary key, "name" character varying, "distance_from_sun" character varying, "diameter" character varying, "orbit_period" character varying, "created_at" timestamp NOT NULL, "updated_at" timestamp NOT NULL)[0m
  ↳ db/migrate/20190429140634_create_planets.rb:3
  [1m[36mActiveRecord::SchemaMigration Create (12.2ms)[0m  [1m[32mINSERT INTO "schema_migrations" ("version") VALUES ($1) RETURNING "version"[0m  [["version", "20190429140634"]]
  ↳ /Users/elizabethmoy/.rvm/rubies/ruby-2.6.0/lib/ruby/gems/2.6.0/gems/rake-12.3.2/lib/rake/task.rb:273
  [1m[35m (11.3ms)[0m  [1m[35mCOMMIT[0m
  ↳ /Users/elizabethmoy/.rvm/rubies/ruby-2.6.0/lib/ruby/gems/2.6.0/gems/rake-12.3.2/lib/rake/task.rb:273
Migrating to CreateMoons (20190429140923)
  [1m[35m (5.9ms)[0m  [1m[35mBEGIN[0m
  ↳ /Users/elizabethmoy/.rvm/rubies/ruby-2.6.0/lib/ruby/gems/2.6.0/gems/rake-12.3.2/lib/rake/task.rb:273
  [1m[35m (21.1ms)[0m  [1m[35mCREATE TABLE "moons" ("id" bigserial primary key, "name" character varying, "distance_from_planet" character varying, "radius" character varying, "orbit_period" character varying, "planet_id" bigint, "created_at" timestamp NOT NULL, "updated_at" timestamp NOT NULL, CONSTRAINT "fk_rails_22956b0556"
FOREIGN KEY ("planet_id")
  REFERENCES "planets" ("id")
)[0m
  ↳ db/migrate/20190429140923_create_moons.rb:3
  [1m[35m (1.1ms)[0m  [1m[35mCREATE  INDEX  "index_moons_on_planet_id" ON "moons"  ("planet_id")[0m
  ↳ db/migrate/20190429140923_create_moons.rb:3
  [1m[36mActiveRecord::SchemaMigration Create (0.3ms)[0m  [1m[32mINSERT INTO "schema_migrations" ("version") VALUES ($1) RETURNING "version"[0m  [["version", "20190429140923"]]
  ↳ /Users/elizabethmoy/.rvm/rubies/ruby-2.6.0/lib/ruby/gems/2.6.0/gems/rake-12.3.2/lib/rake/task.rb:273
  [1m[35m (0.9ms)[0m  [1m[35mCOMMIT[0m
  ↳ /Users/elizabethmoy/.rvm/rubies/ruby-2.6.0/lib/ruby/gems/2.6.0/gems/rake-12.3.2/lib/rake/task.rb:273
  [1m[36mActiveRecord::InternalMetadata Load (6.6ms)[0m  [1m[34mSELECT  "ar_internal_metadata".* FROM "ar_internal_metadata" WHERE "ar_internal_metadata"."key" = $1 LIMIT $2[0m  [["key", "environment"], ["LIMIT", 1]]
  ↳ /Users/elizabethmoy/.rvm/rubies/ruby-2.6.0/lib/ruby/gems/2.6.0/gems/rake-12.3.2/lib/rake/task.rb:273
  [1m[35m (0.2ms)[0m  [1m[35mBEGIN[0m
  ↳ /Users/elizabethmoy/.rvm/rubies/ruby-2.6.0/lib/ruby/gems/2.6.0/gems/rake-12.3.2/lib/rake/task.rb:273
  [1m[36mActiveRecord::InternalMetadata Create (8.6ms)[0m  [1m[32mINSERT INTO "ar_internal_metadata" ("key", "value", "created_at", "updated_at") VALUES ($1, $2, $3, $4) RETURNING "key"[0m  [["key", "environment"], ["value", "development"], ["created_at", "2019-04-29 14:09:52.941473"], ["updated_at", "2019-04-29 14:09:52.941473"]]
  ↳ /Users/elizabethmoy/.rvm/rubies/ruby-2.6.0/lib/ruby/gems/2.6.0/gems/rake-12.3.2/lib/rake/task.rb:273
  [1m[35m (6.0ms)[0m  [1m[35mCOMMIT[0m
  ↳ /Users/elizabethmoy/.rvm/rubies/ruby-2.6.0/lib/ruby/gems/2.6.0/gems/rake-12.3.2/lib/rake/task.rb:273
  [1m[35m (0.3ms)[0m  [1m[34mSELECT pg_advisory_unlock(6114386484562609365)[0m
  ↳ /Users/elizabethmoy/.rvm/rubies/ruby-2.6.0/lib/ruby/gems/2.6.0/gems/rake-12.3.2/lib/rake/task.rb:273
  [1m[35m (0.2ms)[0m  [1m[34mSELECT "schema_migrations"."version" FROM "schema_migrations" ORDER BY "schema_migrations"."version" ASC[0m
  ↳ /Users/elizabethmoy/.rvm/rubies/ruby-2.6.0/lib/ruby/gems/2.6.0/gems/rake-12.3.2/lib/rake/task.rb:273
